action: GLOB, msg: packaging
cwd: /usr/local/google/home/busunkim/github/google-auth-library-python-oauthlib
cmd: /usr/local/google/home/busunkim/.pyenv/versions/3.8.3/bin/python3 setup.py sdist --formats=zip --dist-dir .tox/dist
Warning: 'classifiers' should be a list, got type 'tuple'
running sdist
running egg_info
writing google_auth_oauthlib.egg-info/PKG-INFO
writing dependency_links to google_auth_oauthlib.egg-info/dependency_links.txt
writing entry points to google_auth_oauthlib.egg-info/entry_points.txt
writing requirements to google_auth_oauthlib.egg-info/requires.txt
writing top-level names to google_auth_oauthlib.egg-info/top_level.txt
reading manifest file 'google_auth_oauthlib.egg-info/SOURCES.txt'
reading manifest template 'MANIFEST.in'
writing manifest file 'google_auth_oauthlib.egg-info/SOURCES.txt'
running check
creating google-auth-oauthlib-0.4.1
creating google-auth-oauthlib-0.4.1/google_auth_oauthlib
creating google-auth-oauthlib-0.4.1/google_auth_oauthlib.egg-info
creating google-auth-oauthlib-0.4.1/google_auth_oauthlib/tool
creating google-auth-oauthlib-0.4.1/tests
creating google-auth-oauthlib-0.4.1/tests/__pycache__
creating google-auth-oauthlib-0.4.1/tests/data
copying files to google-auth-oauthlib-0.4.1...
copying LICENSE -> google-auth-oauthlib-0.4.1
copying MANIFEST.in -> google-auth-oauthlib-0.4.1
copying README.rst -> google-auth-oauthlib-0.4.1
copying setup.cfg -> google-auth-oauthlib-0.4.1
copying setup.py -> google-auth-oauthlib-0.4.1
copying google_auth_oauthlib/__init__.py -> google-auth-oauthlib-0.4.1/google_auth_oauthlib
copying google_auth_oauthlib/flow.py -> google-auth-oauthlib-0.4.1/google_auth_oauthlib
copying google_auth_oauthlib/helpers.py -> google-auth-oauthlib-0.4.1/google_auth_oauthlib
copying google_auth_oauthlib/interactive.py -> google-auth-oauthlib-0.4.1/google_auth_oauthlib
copying google_auth_oauthlib.egg-info/PKG-INFO -> google-auth-oauthlib-0.4.1/google_auth_oauthlib.egg-info
copying google_auth_oauthlib.egg-info/SOURCES.txt -> google-auth-oauthlib-0.4.1/google_auth_oauthlib.egg-info
copying google_auth_oauthlib.egg-info/dependency_links.txt -> google-auth-oauthlib-0.4.1/google_auth_oauthlib.egg-info
copying google_auth_oauthlib.egg-info/entry_points.txt -> google-auth-oauthlib-0.4.1/google_auth_oauthlib.egg-info
copying google_auth_oauthlib.egg-info/requires.txt -> google-auth-oauthlib-0.4.1/google_auth_oauthlib.egg-info
copying google_auth_oauthlib.egg-info/top_level.txt -> google-auth-oauthlib-0.4.1/google_auth_oauthlib.egg-info
copying google_auth_oauthlib/tool/__init__.py -> google-auth-oauthlib-0.4.1/google_auth_oauthlib/tool
copying google_auth_oauthlib/tool/__main__.py -> google-auth-oauthlib-0.4.1/google_auth_oauthlib/tool
copying tests/__init__.py -> google-auth-oauthlib-0.4.1/tests
copying tests/__init__.pyc -> google-auth-oauthlib-0.4.1/tests
copying tests/test_flow.py -> google-auth-oauthlib-0.4.1/tests
copying tests/test_helpers.py -> google-auth-oauthlib-0.4.1/tests
copying tests/test_interactive.py -> google-auth-oauthlib-0.4.1/tests
copying tests/test_tool.py -> google-auth-oauthlib-0.4.1/tests
copying tests/__pycache__/__init__.cpython-36.pyc -> google-auth-oauthlib-0.4.1/tests/__pycache__
copying tests/__pycache__/test_flow.cpython-27-PYTEST.pyc -> google-auth-oauthlib-0.4.1/tests/__pycache__
copying tests/__pycache__/test_flow.cpython-36-pytest-6.1.1.pyc -> google-auth-oauthlib-0.4.1/tests/__pycache__
copying tests/__pycache__/test_helpers.cpython-27-PYTEST.pyc -> google-auth-oauthlib-0.4.1/tests/__pycache__
copying tests/__pycache__/test_helpers.cpython-36-pytest-6.1.1.pyc -> google-auth-oauthlib-0.4.1/tests/__pycache__
copying tests/__pycache__/test_interactive.cpython-27-PYTEST.pyc -> google-auth-oauthlib-0.4.1/tests/__pycache__
copying tests/__pycache__/test_interactive.cpython-36-pytest-6.1.1.pyc -> google-auth-oauthlib-0.4.1/tests/__pycache__
copying tests/__pycache__/test_tool.cpython-27-PYTEST.pyc -> google-auth-oauthlib-0.4.1/tests/__pycache__
copying tests/__pycache__/test_tool.cpython-36-pytest-6.1.1.pyc -> google-auth-oauthlib-0.4.1/tests/__pycache__
copying tests/data/client_secrets.json -> google-auth-oauthlib-0.4.1/tests/data
Writing google-auth-oauthlib-0.4.1/setup.cfg
creating '.tox/dist/google-auth-oauthlib-0.4.1.zip' and adding 'google-auth-oauthlib-0.4.1' to it
adding 'google-auth-oauthlib-0.4.1'
adding 'google-auth-oauthlib-0.4.1/google_auth_oauthlib.egg-info'
adding 'google-auth-oauthlib-0.4.1/google_auth_oauthlib'
adding 'google-auth-oauthlib-0.4.1/tests'
adding 'google-auth-oauthlib-0.4.1/README.rst'
adding 'google-auth-oauthlib-0.4.1/MANIFEST.in'
adding 'google-auth-oauthlib-0.4.1/setup.py'
adding 'google-auth-oauthlib-0.4.1/PKG-INFO'
adding 'google-auth-oauthlib-0.4.1/setup.cfg'
adding 'google-auth-oauthlib-0.4.1/LICENSE'
adding 'google-auth-oauthlib-0.4.1/google_auth_oauthlib.egg-info/entry_points.txt'
adding 'google-auth-oauthlib-0.4.1/google_auth_oauthlib.egg-info/dependency_links.txt'
adding 'google-auth-oauthlib-0.4.1/google_auth_oauthlib.egg-info/PKG-INFO'
adding 'google-auth-oauthlib-0.4.1/google_auth_oauthlib.egg-info/SOURCES.txt'
adding 'google-auth-oauthlib-0.4.1/google_auth_oauthlib.egg-info/requires.txt'
adding 'google-auth-oauthlib-0.4.1/google_auth_oauthlib.egg-info/top_level.txt'
adding 'google-auth-oauthlib-0.4.1/google_auth_oauthlib/tool'
adding 'google-auth-oauthlib-0.4.1/google_auth_oauthlib/helpers.py'
adding 'google-auth-oauthlib-0.4.1/google_auth_oauthlib/interactive.py'
adding 'google-auth-oauthlib-0.4.1/google_auth_oauthlib/__init__.py'
adding 'google-auth-oauthlib-0.4.1/google_auth_oauthlib/flow.py'
adding 'google-auth-oauthlib-0.4.1/google_auth_oauthlib/tool/__init__.py'
adding 'google-auth-oauthlib-0.4.1/google_auth_oauthlib/tool/__main__.py'
adding 'google-auth-oauthlib-0.4.1/tests/data'
adding 'google-auth-oauthlib-0.4.1/tests/__pycache__'
adding 'google-auth-oauthlib-0.4.1/tests/test_flow.py'
adding 'google-auth-oauthlib-0.4.1/tests/__init__.pyc'
adding 'google-auth-oauthlib-0.4.1/tests/test_interactive.py'
adding 'google-auth-oauthlib-0.4.1/tests/test_helpers.py'
adding 'google-auth-oauthlib-0.4.1/tests/__init__.py'
adding 'google-auth-oauthlib-0.4.1/tests/test_tool.py'
adding 'google-auth-oauthlib-0.4.1/tests/data/client_secrets.json'
adding 'google-auth-oauthlib-0.4.1/tests/__pycache__/test_tool.cpython-27-PYTEST.pyc'
adding 'google-auth-oauthlib-0.4.1/tests/__pycache__/test_helpers.cpython-36-pytest-6.1.1.pyc'
adding 'google-auth-oauthlib-0.4.1/tests/__pycache__/test_flow.cpython-36-pytest-6.1.1.pyc'
adding 'google-auth-oauthlib-0.4.1/tests/__pycache__/test_helpers.cpython-27-PYTEST.pyc'
adding 'google-auth-oauthlib-0.4.1/tests/__pycache__/test_interactive.cpython-36-pytest-6.1.1.pyc'
adding 'google-auth-oauthlib-0.4.1/tests/__pycache__/test_tool.cpython-36-pytest-6.1.1.pyc'
adding 'google-auth-oauthlib-0.4.1/tests/__pycache__/test_flow.cpython-27-PYTEST.pyc'
adding 'google-auth-oauthlib-0.4.1/tests/__pycache__/test_interactive.cpython-27-PYTEST.pyc'
adding 'google-auth-oauthlib-0.4.1/tests/__pycache__/__init__.cpython-36.pyc'
removing 'google-auth-oauthlib-0.4.1' (and everything under it)
